2020-12-13 16:12:554 INFO  HomePage :22 - Clicking on sign up link[[ChromeDriver: chrome on WINDOWS (11740c43462cc6262482080952f56b3c)] -> xpath: //body/div[@id='page-wrapper']/div[@id='page']/div[@id='header-area']/div[1]/div[1]/div[2]/div[3]/button[1]/span[1]]
2020-12-13 16:12:752 INFO  HomePage :24 - Clicking on sign up linkProxy element for: DefaultElementLocator 'By.xpath: //body/div[@id='page-wrapper']/div[@id='page']/div[@id='header-area']/div[1]/div[1]/div[2]/div[3]/button[1]/span[1]'
2020-12-13 16:12:327 INFO  HomePage :28 - Clicking on sign up linkProxy element for: DefaultElementLocator 'By.xpath: //body/div[@id='page-wrapper']/div[@id='page']/div[@id='header-area']/div[1]/div[1]/div[2]/div[3]/button[1]/span[1]'
2020-12-13 16:12:424 INFO  HomePage :28 - Clicking on sign up linkProxy element for: DefaultElementLocator 'By.xpath: //body/div[@id='page-wrapper']/div[@id='page']/div[@id='header-area']/div[1]/div[1]/div[2]/div[3]/button[1]/span[1]'
2020-12-13 16:12:835 INFO  HomePage :29 - Clicking on sign up link[[ChromeDriver: chrome on WINDOWS (c8ac9c2deea52843823db5f5dec54e01)] -> xpath: //body/div[@id='page-wrapper']/div[@id='page']/div[@id='header-area']/div[1]/div[1]/div[2]/div[3]/button[1]/span[1]]
2020-12-13 16:12:582 INFO  HomePage :35 - Clicking on new Account tab[[ChromeDriver: chrome on WINDOWS (c8ac9c2deea52843823db5f5dec54e01)] -> xpath: //tbody/tr[4]/td[1]/a[1]]
2020-12-13 16:12:864 INFO  HomePage :33 - Clicking on sign up link[[ChromeDriver: chrome on WINDOWS (a2c1d147dea66b98830ce428e241caf1)] -> xpath: //body/div[@id='page-wrapper']/div[@id='page']/div[@id='header-area']/div[1]/div[1]/div[2]/div[3]/button[1]/span[1]]
2020-12-13 16:12:498 INFO  HomePage :39 - Clicking on new Account tab[[ChromeDriver: chrome on WINDOWS (a2c1d147dea66b98830ce428e241caf1)] -> xpath: //tbody/tr[4]/td[1]/a[1]]
2020-12-13 16:12:946 INFO  HomePage :45 - enter email address[[ChromeDriver: chrome on WINDOWS (a2c1d147dea66b98830ce428e241caf1)] -> xpath: //input[@id='login']]
2020-12-13 16:12:407 INFO  HomePage :51 - enter passwordProxy element for: DefaultElementLocator 'By.xpath: //input[@id='login-password']'
2020-12-13 16:12:575 INFO  HomePage :35 - Clicking on sign up link[[ChromeDriver: chrome on WINDOWS (3692195beba2b2d89132b8f13bdfa921)] -> xpath: //body/div[@id='page-wrapper']/div[@id='page']/div[@id='header-area']/div[1]/div[1]/div[2]/div[3]/button[1]/span[1]]
2020-12-13 16:12:322 INFO  HomePage :41 - Clicking on new Account tab[[ChromeDriver: chrome on WINDOWS (3692195beba2b2d89132b8f13bdfa921)] -> xpath: //tbody/tr[4]/td[1]/a[1]]
2020-12-13 16:12:302 INFO  HomePage :47 - enter email addressProxy element for: DefaultElementLocator 'By.xpath: //body/div[11]/div[2]/form[1]/div[2]/div[1]/ul[1]/li[1]/div[3]/span[1]/input[1]'
2020-12-13 17:12:538 INFO  HomePage :35 - Clicking on sign up link[[ChromeDriver: chrome on WINDOWS (89673b112ed287297382d928abbd97d8)] -> xpath: //body/div[@id='mm-0']/div[@id='page-wrapper']/div[@id='page']/div[@id='header-area']/div[1]/div[1]/div[2]/div[3]/button[1]/span[1]]
2020-12-13 17:12:330 INFO  HomePage :41 - Clicking on new Account tab[[ChromeDriver: chrome on WINDOWS (89673b112ed287297382d928abbd97d8)] -> xpath: //tbody/tr[4]/td[1]/a[1]]
2020-12-13 17:12:390 INFO  HomePage :47 - enter email addressProxy element for: DefaultElementLocator 'By.xpath: //body/div[11]/div[2]/form[1]/div[2]/div[1]/ul[1]/li[1]/div[3]/span[1]/input[1]'
2020-12-13 17:12:598 INFO  HomePage :36 - Clicking on sign up link[[ChromeDriver: chrome on WINDOWS (ce006f0d8a0e575aa145a11f1209161a)] -> xpath: //body/div[@id='mm-0']/div[@id='page-wrapper']/div[@id='page']/div[@id='header-area']/div[1]/div[1]/div[2]/div[3]/button[1]/span[1]]
2020-12-13 17:12:546 INFO  HomePage :42 - Clicking on new Account tab[[ChromeDriver: chrome on WINDOWS (ce006f0d8a0e575aa145a11f1209161a)] -> xpath: //tbody/tr[4]/td[1]/a[1]]
2020-12-13 17:12:890 INFO  HomePage :48 - enter email address[[ChromeDriver: chrome on WINDOWS (ce006f0d8a0e575aa145a11f1209161a)] -> xpath: //input[@id='login']]
2020-12-13 17:12:600 INFO  HomePage :54 - enter password[[ChromeDriver: chrome on WINDOWS (ce006f0d8a0e575aa145a11f1209161a)] -> xpath: //input[@id='password']]
2020-12-13 17:12:82 INFO  HomePage :60 - enter confirm password[[ChromeDriver: chrome on WINDOWS (ce006f0d8a0e575aa145a11f1209161a)] -> xpath: //input[@id='password-conf']]
2020-12-13 17:12:407 INFO  HomePage :67 - clicking on create buttonProxy element for: DefaultElementLocator 'By.xpath: /*[@id=\"form-1607876148191\"]/div[2]/div[2]/div/button'
2020-12-13 17:12:505 INFO  HomePage :36 - Clicking on sign up link[[ChromeDriver: chrome on WINDOWS (9b8ec8cc2b6b2c112184b585bb5a9e85)] -> xpath: //body/div[@id='mm-0']/div[@id='page-wrapper']/div[@id='page']/div[@id='header-area']/div[1]/div[1]/div[2]/div[3]/button[1]/span[1]]
2020-12-13 17:12:199 INFO  HomePage :42 - Clicking on new Account tab[[ChromeDriver: chrome on WINDOWS (9b8ec8cc2b6b2c112184b585bb5a9e85)] -> xpath: //tbody/tr[4]/td[1]/a[1]]
2020-12-13 17:12:494 INFO  HomePage :48 - enter email address[[ChromeDriver: chrome on WINDOWS (9b8ec8cc2b6b2c112184b585bb5a9e85)] -> xpath: //input[@id='login']]
2020-12-13 17:12:448 INFO  HomePage :54 - enter password[[ChromeDriver: chrome on WINDOWS (9b8ec8cc2b6b2c112184b585bb5a9e85)] -> xpath: //input[@id='password']]
2020-12-13 17:12:712 INFO  HomePage :60 - enter confirm password[[ChromeDriver: chrome on WINDOWS (9b8ec8cc2b6b2c112184b585bb5a9e85)] -> xpath: //input[@id='password-conf']]
2020-12-13 17:12:29 INFO  HomePage :67 - clicking on create button[[ChromeDriver: chrome on WINDOWS (9b8ec8cc2b6b2c112184b585bb5a9e85)] -> xpath: //span[contains(text(),'Create')]]
2020-12-13 17:12:558 INFO  HomePage :36 - Clicking on sign up link[[ChromeDriver: chrome on WINDOWS (dd4102793f712f1ec3f9c65f438b6066)] -> xpath: //body/div[@id='mm-0']/div[@id='page-wrapper']/div[@id='page']/div[@id='header-area']/div[1]/div[1]/div[2]/div[3]/button[1]/span[1]]
2020-12-13 17:12:269 INFO  HomePage :42 - Clicking on new Account tab[[ChromeDriver: chrome on WINDOWS (dd4102793f712f1ec3f9c65f438b6066)] -> xpath: //tbody/tr[4]/td[1]/a[1]]
2020-12-13 17:12:461 INFO  HomePage :49 - enter email address[[ChromeDriver: chrome on WINDOWS (dd4102793f712f1ec3f9c65f438b6066)] -> xpath: //input[@id='login']]
2020-12-13 17:12:998 INFO  HomePage :55 - enter password[[ChromeDriver: chrome on WINDOWS (dd4102793f712f1ec3f9c65f438b6066)] -> xpath: //input[@id='password']]
2020-12-13 17:12:255 INFO  HomePage :61 - enter confirm password[[ChromeDriver: chrome on WINDOWS (dd4102793f712f1ec3f9c65f438b6066)] -> xpath: //input[@id='password-conf']]
2020-12-13 17:12:634 INFO  HomePage :68 - clicking on create button[[ChromeDriver: chrome on WINDOWS (dd4102793f712f1ec3f9c65f438b6066)] -> xpath: //span[contains(text(),'Create')]]
2020-12-13 17:12:919 INFO  HomePage :38 - Clicking on sign up link[[ChromeDriver: chrome on WINDOWS (f1f361f2ccd399d19d8d32834a7ba626)] -> xpath: //body/div[@id='mm-0']/div[@id='page-wrapper']/div[@id='page']/div[@id='header-area']/div[1]/div[1]/div[2]/div[3]/button[1]/span[1]]
2020-12-13 17:12:657 INFO  HomePage :44 - Clicking on new Account tab[[ChromeDriver: chrome on WINDOWS (f1f361f2ccd399d19d8d32834a7ba626)] -> xpath: //tbody/tr[4]/td[1]/a[1]]
2020-12-13 17:12:630 INFO  HomePage :51 - enter email address[[ChromeDriver: chrome on WINDOWS (f1f361f2ccd399d19d8d32834a7ba626)] -> xpath: //input[@id='login']]
2020-12-13 17:12:03 INFO  HomePage :57 - enter password[[ChromeDriver: chrome on WINDOWS (f1f361f2ccd399d19d8d32834a7ba626)] -> xpath: //input[@id='password']]
2020-12-13 17:12:247 INFO  HomePage :63 - enter confirm password[[ChromeDriver: chrome on WINDOWS (f1f361f2ccd399d19d8d32834a7ba626)] -> xpath: //input[@id='password-conf']]
2020-12-13 17:12:405 INFO  HomePage :70 - clicking on create button[[ChromeDriver: chrome on WINDOWS (f1f361f2ccd399d19d8d32834a7ba626)] -> xpath: //span[contains(text(),'Create')]]
2020-12-13 17:12:657 INFO  HomePage :75 - "get text from account successfully"+_myAccountText.toString()
2020-12-13 17:12:799 INFO  HomePage :84 - Clicking on homePage tabProxy element for: DefaultElementLocator 'By.xpath: //h1[@id='page-title']'
2020-12-13 17:12:229 INFO  HomePage :84 - Clicking on homePage tabProxy element for: DefaultElementLocator 'By.xpath: //h1[@id='page-title']'
2020-12-13 17:12:544 INFO  HomePage :86 - Clicking on homePage tab[[ChromeDriver: chrome on WINDOWS (d255cbda4a86d76b89b4c39795912916)] -> xpath: //*[@id="header-area"]/div[1]/div/div[4]/div/ul/li[1]/a/span]
2020-12-13 17:12:240 INFO  HomePage :92 - get text from home page successfully[[ChromeDriver: chrome on WINDOWS (d255cbda4a86d76b89b4c39795912916)] -> xpath: //*[@id="content"]/div/div/div[2]/h1]
2020-12-13 18:12:371 INFO  HomePage :86 - Clicking on homePage tab[[ChromeDriver: chrome on WINDOWS (e8afef9e7455d9ba4d57951ef2f3d7a0)] -> xpath: //*[@id="header-area"]/div[1]/div/div[4]/div/ul/li[1]/a/span]
2020-12-13 18:12:700 INFO  HomePage :92 - get text from home page successfully[[ChromeDriver: chrome on WINDOWS (e8afef9e7455d9ba4d57951ef2f3d7a0)] -> xpath: //*[@id="content"]/div/div/div[2]/h1]
2020-12-13 18:12:804 INFO  HomePage :97 - Clicking on electronicButton[[ChromeDriver: chrome on WINDOWS (e8afef9e7455d9ba4d57951ef2f3d7a0)] -> xpath: //span[contains(text(),'Electronics')]]
2020-12-13 18:12:496 INFO  ElectronicPage :19 - Clicking on electronic button[[ChromeDriver: chrome on WINDOWS (e8afef9e7455d9ba4d57951ef2f3d7a0)] -> xpath: //h1[@id='page-title']]
2020-12-13 20:12:599 INFO  HomePage :105 - Clicking on new tab[[ChromeDriver: chrome on WINDOWS (dbd7565f322b95b00019c166d59f9841)] -> xpath: //*[@id="header-area"]/div[1]/div/div[4]/div/ul/li[4]/a/span]
2020-12-13 20:12:290 INFO  NewArrivalsPage :20 - Get text from new arraivals tab[[ChromeDriver: chrome on WINDOWS (dbd7565f322b95b00019c166d59f9841)] -> xpath: //h1[@id='page-title']]
2020-12-13 21:12:843 INFO  HomePage :105 - Clicking on new tab[[ChromeDriver: chrome on WINDOWS (8aad7e3d745a970fe6ca5820808911a0)] -> xpath: //*[@id="header-area"]/div[1]/div/div[4]/div/ul/li[4]/a/span]
2020-12-13 21:12:164 INFO  NewArrivalsPage :23 - Get text from new arraivals tab[[ChromeDriver: chrome on WINDOWS (8aad7e3d745a970fe6ca5820808911a0)] -> xpath: //h1[@id='page-title']]
2020-12-13 21:12:342 INFO  NewArrivalsPage :29 - Clicking on fitness tracker watchProxy element for: DefaultElementLocator 'By.xpath: //*[@id="content"]/div/div/div[3]/div/div/div[3]/ul/li[1]/div/div[2]/h4/a'
2020-12-13 21:12:889 INFO  HomePage :105 - Clicking on new tab[[ChromeDriver: chrome on WINDOWS (a9b8e849a1f2e3719cc50af846504a36)] -> xpath: //*[@id="header-area"]/div[1]/div/div[4]/div/ul/li[4]/a/span]
2020-12-13 21:12:164 INFO  NewArrivalsPage :23 - Get text from new arraivals tab[[ChromeDriver: chrome on WINDOWS (a9b8e849a1f2e3719cc50af846504a36)] -> xpath: //h1[@id='page-title']]
2020-12-13 21:12:434 INFO  NewArrivalsPage :29 - Clicking on fitness tracker watch[[ChromeDriver: chrome on WINDOWS (a9b8e849a1f2e3719cc50af846504a36)] -> xpath: //*[@id="content"]/div/div/div[3]/div/div/div[3]/ul/li[1]/div/div[1]/a/img]
2020-12-13 21:12:780 INFO  FitnessTrackerSmartWatchPage :19 - get text from fitness tracker smart watch[[ChromeDriver: chrome on WINDOWS (a9b8e849a1f2e3719cc50af846504a36)] -> xpath: //h1[contains(text(),'Fitness Tracker Smart Watch')]]
2020-12-13 21:12:225 INFO  HomePage :105 - Clicking on new tab[[ChromeDriver: chrome on WINDOWS (99b160ac290c7abedc0a105dcb6df7f5)] -> xpath: //*[@id="header-area"]/div[1]/div/div[4]/div/ul/li[4]/a/span]
2020-12-13 21:12:227 INFO  NewArrivalsPage :23 - Get text from new arraivals tab[[ChromeDriver: chrome on WINDOWS (99b160ac290c7abedc0a105dcb6df7f5)] -> xpath: //h1[@id='page-title']]
2020-12-13 21:12:312 INFO  NewArrivalsPage :29 - Clicking on fitness tracker watch[[ChromeDriver: chrome on WINDOWS (99b160ac290c7abedc0a105dcb6df7f5)] -> xpath: //*[@id="content"]/div/div/div[3]/div/div/div[3]/ul/li[1]/div/div[1]/a/img]
2020-12-13 21:12:875 INFO  FitnessTrackerSmartWatchPage :19 - get text from fitness tracker smart watch[[ChromeDriver: chrome on WINDOWS (99b160ac290c7abedc0a105dcb6df7f5)] -> xpath: //h1[contains(text(),'Fitness Tracker Smart Watch')]]
2020-12-13 21:12:799 INFO  HomePage :45 - Clicking on sign up link[[ChromeDriver: chrome on WINDOWS (3d3e888d898511a4c87433048058561e)] -> xpath: //body/div[@id='mm-0']/div[@id='page-wrapper']/div[@id='page']/div[@id='header-area']/div[1]/div[1]/div[2]/div[3]/button[1]/span[1]]
2020-12-13 21:12:583 INFO  HomePage :51 - Clicking on new Account tab[[ChromeDriver: chrome on WINDOWS (3d3e888d898511a4c87433048058561e)] -> xpath: //tbody/tr[4]/td[1]/a[1]]
2020-12-13 21:12:653 INFO  HomePage :58 - enter email address[[ChromeDriver: chrome on WINDOWS (3d3e888d898511a4c87433048058561e)] -> xpath: //input[@id='login']]
2020-12-13 21:12:974 INFO  HomePage :64 - enter password[[ChromeDriver: chrome on WINDOWS (3d3e888d898511a4c87433048058561e)] -> xpath: //input[@id='password']]
2020-12-13 21:12:205 INFO  HomePage :70 - enter confirm password[[ChromeDriver: chrome on WINDOWS (3d3e888d898511a4c87433048058561e)] -> xpath: //input[@id='password-conf']]
2020-12-13 21:12:381 INFO  HomePage :77 - clicking on create button[[ChromeDriver: chrome on WINDOWS (3d3e888d898511a4c87433048058561e)] -> xpath: //span[contains(text(),'Create')]]
2020-12-13 21:12:527 INFO  HomePage :82 - "get text from account successfully"+_myAccountText.toString()
2020-12-13 21:12:539 INFO  HomePage :88 - Clicking on homePage tab[[ChromeDriver: chrome on WINDOWS (426fa28b3d74b558053716d2448606f7)] -> xpath: //*[@id="header-area"]/div[1]/div/div[4]/div/ul/li[1]/a/span]
2020-12-13 21:12:25 INFO  HomePage :94 - get text from home page successfully[[ChromeDriver: chrome on WINDOWS (426fa28b3d74b558053716d2448606f7)] -> xpath: //*[@id="content"]/div/div/div[2]/h1]
2020-12-13 21:12:102 INFO  HomePage :99 - Clicking on electronicButton[[ChromeDriver: chrome on WINDOWS (426fa28b3d74b558053716d2448606f7)] -> xpath: //span[contains(text(),'Electronics')]]
2020-12-13 21:12:614 INFO  ElectronicPage :19 - Clicking on electronic button[[ChromeDriver: chrome on WINDOWS (426fa28b3d74b558053716d2448606f7)] -> xpath: //h1[@id='page-title']]
2020-12-13 21:12:210 INFO  HomePage :105 - Clicking on new tab[[ChromeDriver: chrome on WINDOWS (f26086ac0988a6d11afe4d4c8f0a687a)] -> xpath: //*[@id="header-area"]/div[1]/div/div[4]/div/ul/li[4]/a/span]
2020-12-13 21:12:964 INFO  NewArrivalsPage :23 - Get text from new arraivals tab[[ChromeDriver: chrome on WINDOWS (f26086ac0988a6d11afe4d4c8f0a687a)] -> xpath: //h1[@id='page-title']]
2020-12-13 21:12:124 INFO  NewArrivalsPage :29 - Clicking on fitness tracker watch[[ChromeDriver: chrome on WINDOWS (f26086ac0988a6d11afe4d4c8f0a687a)] -> xpath: //*[@id="content"]/div/div/div[3]/div/div/div[3]/ul/li[1]/div/div[1]/a/img]
2020-12-13 21:12:243 INFO  FitnessTrackerSmartWatchPage :19 - get text from fitness tracker smart watch[[ChromeDriver: chrome on WINDOWS (f26086ac0988a6d11afe4d4c8f0a687a)] -> xpath: //h1[contains(text(),'Fitness Tracker Smart Watch')]]
2020-12-13 21:12:969 INFO  HomePage :45 - Clicking on sign up link[[ChromeDriver: chrome on WINDOWS (8cb5e47907b88cc2a913426c2534a56e)] -> xpath: //body/div[@id='mm-0']/div[@id='page-wrapper']/div[@id='page']/div[@id='header-area']/div[1]/div[1]/div[2]/div[3]/button[1]/span[1]]
2020-12-13 21:12:641 INFO  HomePage :51 - Clicking on new Account tab[[ChromeDriver: chrome on WINDOWS (8cb5e47907b88cc2a913426c2534a56e)] -> xpath: //tbody/tr[4]/td[1]/a[1]]
2020-12-13 21:12:720 INFO  HomePage :58 - enter email address[[ChromeDriver: chrome on WINDOWS (8cb5e47907b88cc2a913426c2534a56e)] -> xpath: //input[@id='login']]
2020-12-13 21:12:93 INFO  HomePage :64 - enter password[[ChromeDriver: chrome on WINDOWS (8cb5e47907b88cc2a913426c2534a56e)] -> xpath: //input[@id='password']]
2020-12-13 21:12:316 INFO  HomePage :70 - enter confirm password[[ChromeDriver: chrome on WINDOWS (8cb5e47907b88cc2a913426c2534a56e)] -> xpath: //input[@id='password-conf']]
2020-12-13 21:12:463 INFO  HomePage :77 - clicking on create button[[ChromeDriver: chrome on WINDOWS (8cb5e47907b88cc2a913426c2534a56e)] -> xpath: //span[contains(text(),'Create')]]
2020-12-13 21:12:653 INFO  HomePage :82 - "get text from account successfully"+_myAccountText.toString()
2020-12-13 21:12:494 INFO  HomePage :88 - Clicking on homePage tab[[ChromeDriver: chrome on WINDOWS (f6f825ec45a69c2690f9fc84d9021528)] -> xpath: //*[@id="header-area"]/div[1]/div/div[4]/div/ul/li[1]/a/span]
2020-12-13 21:12:791 INFO  HomePage :94 - get text from home page successfully[[ChromeDriver: chrome on WINDOWS (f6f825ec45a69c2690f9fc84d9021528)] -> xpath: //*[@id="content"]/div/div/div[2]/h1]
2020-12-13 21:12:851 INFO  HomePage :99 - Clicking on electronicButton[[ChromeDriver: chrome on WINDOWS (f6f825ec45a69c2690f9fc84d9021528)] -> xpath: //span[contains(text(),'Electronics')]]
2020-12-13 21:12:48 INFO  ElectronicPage :19 - Clicking on electronic button[[ChromeDriver: chrome on WINDOWS (f6f825ec45a69c2690f9fc84d9021528)] -> xpath: //h1[@id='page-title']]
2020-12-13 21:12:134 INFO  HomePage :88 - Clicking on homePage tab[[ChromeDriver: chrome on WINDOWS (f9e0fe4af275f9b473adbaaa29282e50)] -> xpath: //*[@id="header-area"]/div[1]/div/div[4]/div/ul/li[1]/a/span]
2020-12-13 21:12:713 INFO  HomePage :94 - get text from home page successfully[[ChromeDriver: chrome on WINDOWS (f9e0fe4af275f9b473adbaaa29282e50)] -> xpath: //*[@id="content"]/div/div/div[2]/h1]
2020-12-13 21:12:820 INFO  HomePage :99 - Clicking on electronicButton[[ChromeDriver: chrome on WINDOWS (f9e0fe4af275f9b473adbaaa29282e50)] -> xpath: //span[contains(text(),'Electronics')]]
2020-12-13 21:12:671 INFO  ElectronicPage :19 - Clicking on electronic button[[ChromeDriver: chrome on WINDOWS (f9e0fe4af275f9b473adbaaa29282e50)] -> xpath: //h1[@id='page-title']]
2020-12-13 21:12:238 INFO  HomePage :88 - Clicking on homePage tab[[ChromeDriver: chrome on WINDOWS (1bf69bfa021dd590675e8e1948325393)] -> xpath: //*[@id="header-area"]/div[1]/div/div[4]/div/ul/li[1]/a/span]
2020-12-13 21:12:430 INFO  HomePage :94 - get text from home page successfully[[ChromeDriver: chrome on WINDOWS (1bf69bfa021dd590675e8e1948325393)] -> xpath: //*[@id="content"]/div/div/div[2]/h1]
2020-12-13 21:12:546 INFO  HomePage :99 - Clicking on electronicButton[[ChromeDriver: chrome on WINDOWS (1bf69bfa021dd590675e8e1948325393)] -> xpath: //span[contains(text(),'Electronics')]]
2020-12-13 21:12:377 INFO  ElectronicPage :19 - Clicking on electronic button[[ChromeDriver: chrome on WINDOWS (1bf69bfa021dd590675e8e1948325393)] -> xpath: //h1[@id='page-title']]
2020-12-13 21:12:592 INFO  HomePage :88 - Clicking on homePage tab[[ChromeDriver: chrome on WINDOWS (32acc431d906b040addb53f35b201ab6)] -> xpath: //*[@id="header-area"]/div[1]/div/div[4]/div/ul/li[1]/a/span]
2020-12-13 21:12:528 INFO  HomePage :94 - get text from home page successfully[[ChromeDriver: chrome on WINDOWS (32acc431d906b040addb53f35b201ab6)] -> xpath: //*[@id="content"]/div/div/div[2]/h1]
2020-12-13 21:12:700 INFO  HomePage :99 - Clicking on electronicButton[[ChromeDriver: chrome on WINDOWS (32acc431d906b040addb53f35b201ab6)] -> xpath: //span[contains(text(),'Electronics')]]
2020-12-13 21:12:260 INFO  ElectronicPage :19 - Clicking on electronic button[[ChromeDriver: chrome on WINDOWS (32acc431d906b040addb53f35b201ab6)] -> xpath: //h1[@id='page-title']]
2020-12-13 21:12:796 INFO  HomePage :105 - Clicking on new tab[[ChromeDriver: chrome on WINDOWS (94ea9a006f3dd5d71d3806c6cde0c1a9)] -> xpath: //*[@id="header-area"]/div[1]/div/div[4]/div/ul/li[4]/a/span]
2020-12-13 21:12:333 INFO  NewArrivalsPage :23 - Get text from new arraivals tab[[ChromeDriver: chrome on WINDOWS (94ea9a006f3dd5d71d3806c6cde0c1a9)] -> xpath: //h1[@id='page-title']]
2020-12-13 21:12:527 INFO  NewArrivalsPage :29 - Clicking on fitness tracker watch[[ChromeDriver: chrome on WINDOWS (94ea9a006f3dd5d71d3806c6cde0c1a9)] -> xpath: //*[@id="content"]/div/div/div[3]/div/div/div[3]/ul/li[1]/div/div[1]/a/img]
2020-12-13 21:12:854 INFO  FitnessTrackerSmartWatchPage :19 - get text from fitness tracker smart watch[[ChromeDriver: chrome on WINDOWS (94ea9a006f3dd5d71d3806c6cde0c1a9)] -> xpath: //h1[contains(text(),'Fitness Tracker Smart Watch')]]
2020-12-13 21:12:39 INFO  HomePage :45 - Clicking on sign up link[[ChromeDriver: chrome on WINDOWS (5a24bc8e14a967139d903acbe763d2d1)] -> xpath: //body/div[@id='mm-0']/div[@id='page-wrapper']/div[@id='page']/div[@id='header-area']/div[1]/div[1]/div[2]/div[3]/button[1]/span[1]]
2020-12-13 21:12:759 INFO  HomePage :51 - Clicking on new Account tab[[ChromeDriver: chrome on WINDOWS (5a24bc8e14a967139d903acbe763d2d1)] -> xpath: //tbody/tr[4]/td[1]/a[1]]
2020-12-13 21:12:171 INFO  HomePage :58 - enter email address[[ChromeDriver: chrome on WINDOWS (5a24bc8e14a967139d903acbe763d2d1)] -> xpath: //input[@id='login']]
2020-12-13 21:12:662 INFO  HomePage :64 - enter password[[ChromeDriver: chrome on WINDOWS (5a24bc8e14a967139d903acbe763d2d1)] -> xpath: //input[@id='password']]
2020-12-13 21:12:980 INFO  HomePage :70 - enter confirm password[[ChromeDriver: chrome on WINDOWS (5a24bc8e14a967139d903acbe763d2d1)] -> xpath: //input[@id='password-conf']]
2020-12-13 21:12:236 INFO  HomePage :77 - clicking on create button[[ChromeDriver: chrome on WINDOWS (5a24bc8e14a967139d903acbe763d2d1)] -> xpath: //span[contains(text(),'Create')]]
2020-12-13 21:12:668 INFO  HomePage :82 - "get text from account successfully"+_myAccountText.toString()
2020-12-13 21:12:348 INFO  HomePage :88 - Clicking on homePage tab[[ChromeDriver: chrome on WINDOWS (7904755a0eceff02ec7aa898ecabbf4a)] -> xpath: //*[@id="header-area"]/div[1]/div/div[4]/div/ul/li[1]/a/span]
2020-12-13 21:12:498 INFO  HomePage :94 - get text from home page successfully[[ChromeDriver: chrome on WINDOWS (7904755a0eceff02ec7aa898ecabbf4a)] -> xpath: //*[@id="content"]/div/div/div[2]/h1]
2020-12-13 21:12:585 INFO  HomePage :99 - Clicking on electronicButton[[ChromeDriver: chrome on WINDOWS (7904755a0eceff02ec7aa898ecabbf4a)] -> xpath: //span[contains(text(),'Electronics')]]
2020-12-13 21:12:894 INFO  ElectronicPage :19 - Clicking on electronic button[[ChromeDriver: chrome on WINDOWS (7904755a0eceff02ec7aa898ecabbf4a)] -> xpath: //h1[@id='page-title']]
